<?xml version="1.0" encoding="UTF-8"?>
<!-- Generated by org.testng.reporters.JUnitXMLReporter -->
<testsuite hostname="DESKTOP-663MT7H" ignored="3" name="Default test" tests="1" failures="1" timestamp="2023-04-12T19:01:43 IST" time="0.06" errors="0">
  <testcase name="verifybackgroundColorofNewButton" time="0.0" classname="Automation.Testscripts.HomePageTest">
    <failure type="org.testng.TestNGException" message="
Parameter &amp;apos;color&amp;apos; is required by @Test on method verifybackgroundColorofNewButton but has not been marked @Optional or defined
in C:\Users\User\AppData\Local\Temp\testng-eclipse-1749272506\testng-customsuite.xml">
      <![CDATA[org.testng.TestNGException: 
Parameter 'color' is required by @Test on method verifybackgroundColorofNewButton but has not been marked @Optional or defined
in C:\Users\User\AppData\Local\Temp\testng-eclipse-1749272506\testng-customsuite.xml
at org.testng.internal.Parameters.createParams(Parameters.java:270)
at org.testng.internal.Parameters.createParametersForMethod(Parameters.java:358)
at org.testng.internal.Parameters.createParameters(Parameters.java:700)
at org.testng.internal.Parameters.handleParameters(Parameters.java:884)
at org.testng.internal.Parameters.handleParameters(Parameters.java:740)
at org.testng.internal.ParameterHandler.handleParameters(ParameterHandler.java:59)
at org.testng.internal.ParameterHandler.createParameters(ParameterHandler.java:38)
at org.testng.internal.TestInvoker$MethodInvocationAgent.invoke(TestInvoker.java:791)
at org.testng.internal.TestInvoker.invokeTestMethods(TestInvoker.java:146)
at org.testng.internal.TestMethodWorker.invokeTestMethods(TestMethodWorker.java:146)
at org.testng.internal.TestMethodWorker.run(TestMethodWorker.java:128)
at java.util.ArrayList.forEach(ArrayList.java:1257)
at org.testng.TestRunner.privateRun(TestRunner.java:794)
at org.testng.TestRunner.run(TestRunner.java:596)
at org.testng.SuiteRunner.runTest(SuiteRunner.java:377)
at org.testng.SuiteRunner.runSequentially(SuiteRunner.java:371)
at org.testng.SuiteRunner.privateRun(SuiteRunner.java:332)
at org.testng.SuiteRunner.run(SuiteRunner.java:276)
at org.testng.SuiteRunnerWorker.runSuite(SuiteRunnerWorker.java:53)
at org.testng.SuiteRunnerWorker.run(SuiteRunnerWorker.java:96)
at org.testng.TestNG.runSuitesSequentially(TestNG.java:1212)
at org.testng.TestNG.runSuitesLocally(TestNG.java:1134)
at org.testng.TestNG.runSuites(TestNG.java:1063)
at org.testng.TestNG.run(TestNG.java:1031)
at org.testng.remote.AbstractRemoteTestNG.run(AbstractRemoteTestNG.java:115)
at org.testng.remote.RemoteTestNG.initAndRun(RemoteTestNG.java:251)
at org.testng.remote.RemoteTestNG.main(RemoteTestNG.java:77)
]]>
    </failure>
  </testcase> <!-- verifybackgroundColorofNewButton -->
  <testcase name="verifyPushnotification" time="0.0" classname="Automation.Testscripts.HomePageTest">
    <ignored/>
  </testcase> <!-- verifyPushnotification -->
  <testcase name="verifyHomePageUsername" time="0.0" classname="Automation.Testscripts.HomePageTest">
    <ignored/>
  </testcase> <!-- verifyHomePageUsername -->
  <testcase name="verifymanagePageNew" time="0.0" classname="Automation.Testscripts.HomePageTest">
    <ignored/>
  </testcase> <!-- verifymanagePageNew -->
</testsuite> <!-- Default test -->
