<?xml version="1.0" encoding="UTF-8"?>
<!-- Generated by org.testng.reporters.JUnitXMLReporter -->
<testsuite hostname="DESKTOP-663MT7H" ignored="0" name="crossbrowsing" tests="7" failures="0" timestamp="2023-04-13T01:55:32 IST" time="0.314" errors="0">
  <testcase name="@BeforeMethod initilizeBrowser" time="-1.681331132307E9" classname="Automation.Testscripts.Base">
    <failure type="org.testng.TestNGException" message="
Parameter &amp;apos;browser&amp;apos; is required by BeforeMethod on method initilizeBrowser but has not been marked @Optional or defined
in C:\Users\User\EclipseWorkspace\7MartSupermarket\testng.xml">
      <![CDATA[org.testng.TestNGException: 
Parameter 'browser' is required by BeforeMethod on method initilizeBrowser but has not been marked @Optional or defined
in C:\Users\User\EclipseWorkspace\7MartSupermarket\testng.xml
at java.util.ArrayList.forEach(ArrayList.java:1257)
... Removed 28 stack frames]]>
    </failure>
  </testcase> <!-- @BeforeMethod initilizeBrowser -->
  <testcase name="@AfterMethod browserQuit" time="0.003" classname="Automation.Testscripts.Base">
    <failure type="java.lang.NullPointerException">
      <![CDATA[java.lang.NullPointerException
at Automation.Testscripts.Base.browserQuit(Base.java:118)
at java.util.ArrayList.forEach(ArrayList.java:1257)
... Removed 32 stack frames]]>
    </failure>
  </testcase> <!-- @AfterMethod browserQuit -->
  <testcase name="@BeforeMethod initilizeBrowser" time="-1.681331132363E9" classname="Automation.Testscripts.Base">
    <failure type="org.testng.TestNGException" message="
Parameter &amp;apos;browser&amp;apos; is required by BeforeMethod on method initilizeBrowser but has not been marked @Optional or defined
in C:\Users\User\EclipseWorkspace\7MartSupermarket\testng.xml">
      <![CDATA[org.testng.TestNGException: 
Parameter 'browser' is required by BeforeMethod on method initilizeBrowser but has not been marked @Optional or defined
in C:\Users\User\EclipseWorkspace\7MartSupermarket\testng.xml
at java.util.ArrayList.forEach(ArrayList.java:1257)
... Removed 28 stack frames]]>
    </failure>
  </testcase> <!-- @BeforeMethod initilizeBrowser -->
  <testcase name="@AfterMethod browserQuit" time="0.001" classname="Automation.Testscripts.Base">
    <failure type="java.lang.NullPointerException">
      <![CDATA[java.lang.NullPointerException
at Automation.Testscripts.Base.browserQuit(Base.java:118)
at java.util.ArrayList.forEach(ArrayList.java:1257)
... Removed 32 stack frames]]>
    </failure>
  </testcase> <!-- @AfterMethod browserQuit -->
  <testcase name="@BeforeMethod initilizeBrowser" time="-1.68133113239E9" classname="Automation.Testscripts.Base">
    <failure type="org.testng.TestNGException" message="
Parameter &amp;apos;browser&amp;apos; is required by BeforeMethod on method initilizeBrowser but has not been marked @Optional or defined
in C:\Users\User\EclipseWorkspace\7MartSupermarket\testng.xml">
      <![CDATA[org.testng.TestNGException: 
Parameter 'browser' is required by BeforeMethod on method initilizeBrowser but has not been marked @Optional or defined
in C:\Users\User\EclipseWorkspace\7MartSupermarket\testng.xml
at java.util.ArrayList.forEach(ArrayList.java:1257)
... Removed 28 stack frames]]>
    </failure>
  </testcase> <!-- @BeforeMethod initilizeBrowser -->
  <testcase name="@AfterMethod browserQuit" time="0.001" classname="Automation.Testscripts.Base">
    <failure type="java.lang.NullPointerException">
      <![CDATA[java.lang.NullPointerException
at Automation.Testscripts.Base.browserQuit(Base.java:118)
at java.util.ArrayList.forEach(ArrayList.java:1257)
... Removed 32 stack frames]]>
    </failure>
  </testcase> <!-- @AfterMethod browserQuit -->
  <testcase name="@BeforeMethod initilizeBrowser" time="-1.681331132413E9" classname="Automation.Testscripts.Base">
    <failure type="org.testng.TestNGException" message="
Parameter &amp;apos;browser&amp;apos; is required by BeforeMethod on method initilizeBrowser but has not been marked @Optional or defined
in C:\Users\User\EclipseWorkspace\7MartSupermarket\testng.xml">
      <![CDATA[org.testng.TestNGException: 
Parameter 'browser' is required by BeforeMethod on method initilizeBrowser but has not been marked @Optional or defined
in C:\Users\User\EclipseWorkspace\7MartSupermarket\testng.xml
at java.util.ArrayList.forEach(ArrayList.java:1257)
... Removed 28 stack frames]]>
    </failure>
  </testcase> <!-- @BeforeMethod initilizeBrowser -->
  <testcase name="@AfterMethod browserQuit" time="0.001" classname="Automation.Testscripts.Base">
    <failure type="java.lang.NullPointerException">
      <![CDATA[java.lang.NullPointerException
at Automation.Testscripts.Base.browserQuit(Base.java:118)
at java.util.ArrayList.forEach(ArrayList.java:1257)
... Removed 32 stack frames]]>
    </failure>
  </testcase> <!-- @AfterMethod browserQuit -->
  <testcase name="@BeforeMethod initilizeBrowser" time="-1.681331132449E9" classname="Automation.Testscripts.Base">
    <failure type="org.testng.TestNGException" message="
Parameter &amp;apos;browser&amp;apos; is required by BeforeMethod on method initilizeBrowser but has not been marked @Optional or defined
in C:\Users\User\EclipseWorkspace\7MartSupermarket\testng.xml">
      <![CDATA[org.testng.TestNGException: 
Parameter 'browser' is required by BeforeMethod on method initilizeBrowser but has not been marked @Optional or defined
in C:\Users\User\EclipseWorkspace\7MartSupermarket\testng.xml
at java.util.ArrayList.forEach(ArrayList.java:1257)
... Removed 28 stack frames]]>
    </failure>
  </testcase> <!-- @BeforeMethod initilizeBrowser -->
  <testcase name="@AfterMethod browserQuit" time="0.001" classname="Automation.Testscripts.Base">
    <failure type="java.lang.NullPointerException">
      <![CDATA[java.lang.NullPointerException
at Automation.Testscripts.Base.browserQuit(Base.java:118)
at java.util.ArrayList.forEach(ArrayList.java:1257)
... Removed 32 stack frames]]>
    </failure>
  </testcase> <!-- @AfterMethod browserQuit -->
  <testcase name="@BeforeMethod initilizeBrowser" time="-1.681331132481E9" classname="Automation.Testscripts.Base">
    <failure type="org.testng.TestNGException" message="
Parameter &amp;apos;browser&amp;apos; is required by BeforeMethod on method initilizeBrowser but has not been marked @Optional or defined
in C:\Users\User\EclipseWorkspace\7MartSupermarket\testng.xml">
      <![CDATA[org.testng.TestNGException: 
Parameter 'browser' is required by BeforeMethod on method initilizeBrowser but has not been marked @Optional or defined
in C:\Users\User\EclipseWorkspace\7MartSupermarket\testng.xml
at java.util.ArrayList.forEach(ArrayList.java:1257)
... Removed 28 stack frames]]>
    </failure>
  </testcase> <!-- @BeforeMethod initilizeBrowser -->
  <testcase name="@AfterMethod browserQuit" time="0.002" classname="Automation.Testscripts.Base">
    <failure type="java.lang.NullPointerException">
      <![CDATA[java.lang.NullPointerException
at Automation.Testscripts.Base.browserQuit(Base.java:118)
at java.util.ArrayList.forEach(ArrayList.java:1257)
... Removed 32 stack frames]]>
    </failure>
  </testcase> <!-- @AfterMethod browserQuit -->
  <testcase name="@BeforeMethod initilizeBrowser" time="-1.681331132516E9" classname="Automation.Testscripts.Base">
    <failure type="org.testng.TestNGException" message="
Parameter &amp;apos;browser&amp;apos; is required by BeforeMethod on method initilizeBrowser but has not been marked @Optional or defined
in C:\Users\User\EclipseWorkspace\7MartSupermarket\testng.xml">
      <![CDATA[org.testng.TestNGException: 
Parameter 'browser' is required by BeforeMethod on method initilizeBrowser but has not been marked @Optional or defined
in C:\Users\User\EclipseWorkspace\7MartSupermarket\testng.xml
at java.util.ArrayList.forEach(ArrayList.java:1257)
... Removed 28 stack frames]]>
    </failure>
  </testcase> <!-- @BeforeMethod initilizeBrowser -->
  <testcase name="@AfterMethod browserQuit" time="0.001" classname="Automation.Testscripts.Base">
    <failure type="java.lang.NullPointerException">
      <![CDATA[java.lang.NullPointerException
at Automation.Testscripts.Base.browserQuit(Base.java:118)
at java.util.ArrayList.forEach(ArrayList.java:1257)
... Removed 32 stack frames]]>
    </failure>
  </testcase> <!-- @AfterMethod browserQuit -->
  <testcase name="verifyLoginpage" time="0.0" classname="Automation.Testscripts.LoginTest">
    <skipped/>
  </testcase> <!-- verifyLoginpage -->
  <testcase name="verifyLoginpage" time="0.0" classname="Automation.Testscripts.LoginTest">
    <skipped/>
  </testcase> <!-- verifyLoginpage -->
  <testcase name="verifyLoginpage" time="0.0" classname="Automation.Testscripts.LoginTest">
    <skipped/>
  </testcase> <!-- verifyLoginpage -->
  <testcase name="verifyLoginpage" time="0.0" classname="Automation.Testscripts.LoginTest">
    <skipped/>
  </testcase> <!-- verifyLoginpage -->
  <testcase name="verifybackgroundColorofDashBoard" time="0.0" classname="Automation.Testscripts.HomePageTest">
    <skipped/>
  </testcase> <!-- verifybackgroundColorofDashBoard -->
  <testcase name="verifymanageproductClick" time="0.0" classname="Automation.Testscripts.HomePageTest">
    <skipped/>
  </testcase> <!-- verifymanageproductClick -->
  <testcase name="verifyprojectTitle" time="0.0" classname="Automation.Testscripts.HomePageTest">
    <skipped/>
  </testcase> <!-- verifyprojectTitle -->
</testsuite> <!-- crossbrowsing -->
